<?xml version="1.0" encoding="UTF-8"?>
<!-- Generated by org.testng.reporters.JUnitReportReporter -->
<testsuite hostname="Ajay" name="com.suacelab.ecommerce.SortFunctionality" tests="1" failures="0" timestamp="30 Oct 2021 14:48:33 GMT" time="4.456" errors="0">
  <testcase name="loginTest" time="4.456" classname="com.suacelab.ecommerce.SortFunctionality"/>
</testsuite> <!-- com.suacelab.ecommerce.SortFunctionality -->
