<?xml version="1.0" encoding="UTF-8"?>
<!-- Generated by org.testng.reporters.JUnitReportReporter -->
<testsuite skipped="0" hostname="Ajay" name="com.suacelab.ecommerce.SortFunctionality" tests="1" failures="0" timestamp="31 Oct 2021 02:32:01 GMT" time="39.308" errors="0">
  <testcase name="loginTest" time="39.308" classname="com.suacelab.ecommerce.SortFunctionality"/>
</testsuite> <!-- com.suacelab.ecommerce.SortFunctionality -->
